Starting live bot — press Ctrl+C to stop
Connected wallet: 0x7273B462333a02C4933C009BF2F589a1467B89B4
Market: SOMI:USDso | pool=0x035De7403eac6872787779CCA7CCF1b4CDb61379
Chain ID: 5031
Base token: 0x28f34DeFd2b4CB48d9eE6d89f2Be4Bc601694c00 | Quote token: 0x00000022dA000002656c64D9eA6011ea952D008A
order ok side=buy tx=6cf35378e3d64bdceddd6bb30f897d7faf882161bd24d3d5a9ae4f615c6963dc qty=1000000000000000000 price=149500000000000000
order ok side=buy tx=3f89c968a72563b4abe57048f730cc52d50de0dbfd5e8518029330d27458691d qty=1000000000000000000 price=149500000000000000
order ok side=buy tx=d0cf8d19bf8f561482810dc291259ff0baa92898b76cb51cc26a13fa22f3fa89 qty=1000000000000000000 price=149500000000000000
order ok side=buy tx=c7a03065b65223d6fd046082fe0a2b940a9ef60abbe4dc18b1564e2c2e741ab3 qty=1000000000000000000 price=149500000000000000
order ok side=buy tx=4eaef77a179382a31506826e217345d4ebae6857d54f443357c501839ac1976e qty=1000000000000000000 price=149500000000000000
order ok side=buy tx=7c209a71766f6d8eaf26d3f5f4f2c5c039b922126bb84b6d75f6802ce79711f0 qty=1000000000000000000 price=149500000000000000
order ok side=buy tx=39c249845894949cd11c92d8592f47f07df2b87ecb3ddcda693f53acc178d80c qty=1000000000000000000 price=149600000000000000
order ok side=buy tx=bf1d31c232571da5aaf3d124974beb6c36a863f01b301266578769ab7d9e582a qty=1000000000000000000 price=149600000000000000
No book depth yet; retrying later.
order ok side=buy tx=ded8d1ca32a069df9562d012bc0c122ed50a66607f5c189dcfa5827492274b3a qty=1000000000000000000 price=149700000000000000
order ok side=buy tx=7889bdf0537e845738cf75a192f5f996c0b62c64686a02aba13ab0a9a08a70b2 qty=1000000000000000000 price=149700000000000000
order ok side=buy tx=6d4c3efd3859671d098de91707cb6dc68f9026783d8fe71527f6bd9df5516d3c qty=1000000000000000000 price=149600000000000000
No book depth yet; retrying later.
order ok side=buy tx=f2806092af1a2b7cd7605c5d34570e8ee1feb59a6b71f1ec49c724d5030c6096 qty=1000000000000000000 price=149500000000000000
order ok side=buy tx=21a09c59f67b699acf9ff0c21e39f77cd9c72c3cf217fb46a4e6d4bc3d5d0601 qty=1000000000000000000 price=149500000000000000
order ok side=buy tx=ea405867b2426c1a5cdf942e38f5a2bd7d4227d24073a9b86a092218aead8a1f qty=1000000000000000000 price=149500000000000000
order ok side=buy tx=4adaafd06ba07d725411e7f49e9f3392945a5bb0de459fa6454f8f498f88b1a6 qty=1000000000000000000 price=149400000000000000
order ok side=buy tx=bfac402fb8208fb94851d797081d0fd9da5ac2fdaba0749dd91529f3184b058a qty=1000000000000000000 price=149500000000000000
No book depth yet; retrying later.
order ok side=buy tx=b2d53c39232ec4a5cf42f4764e5ec5fec91876295d3684a82adb79e1ac3d36c1 qty=1000000000000000000 price=149600000000000000
order ok side=buy tx=9633b77121bce6e829311d392896715106de3a55f57a3cc1e23465cca1a951ae qty=1000000000000000000 price=149700000000000000
order ok side=buy tx=0851281710747e88ca6fbce5c6ecb69b5cb3737884427532052241becbe24d62 qty=1000000000000000000 price=149600000000000000
order ok side=buy tx=acaf940d1ab5b2dfb5d19e3c1525ee07c736b0c459f564d6e852a32958a2f36d qty=1000000000000000000 price=149500000000000000
